C:\Program Files (x86)\Microsoft Visual Studio\2017\Community\Common7\IDE\VC\VCTargets\Microsoft.CppBuild.targets(937,5): warning MSB8027: 名为 DataBaseService.cpp 的两个或更多文件将生成到同一位置的输出。这会导致错误的生成结果。   调用的文件是 ..\..\game_server\database\DataBaseService.cpp, ..\..\mysqlcpp\test\DataBaseService.cpp, ..\..\nel\test\DataBaseService.cpp。
C:\Program Files (x86)\Microsoft Visual Studio\2017\Community\Common7\IDE\VC\VCTargets\Microsoft.CppBuild.targets(937,5): warning MSB8027: 名为 Log.cpp 的两个或更多文件将生成到同一位置的输出。这会导致错误的生成结果。   调用的文件是 ..\..\game_server\Log.cpp, ..\..\nel\Log.cpp。
C:\Program Files (x86)\Microsoft Visual Studio\2017\Community\Common7\IDE\VC\VCTargets\Microsoft.CppBuild.targets(937,5): warning MSB8027: 名为 main.cpp 的两个或更多文件将生成到同一位置的输出。这会导致错误的生成结果。   调用的文件是 ..\..\game_server\main.cpp, ..\..\nel\test\main.cpp, ..\..\test\boost\log\main.cpp。
  weakptr.cpp
c:\program files (x86)\microsoft visual studio\2017\community\vc\tools\msvc\14.10.25017\include\cstring(10): error C2039: “memchr”: 不是“`global namespace'”的成员
c:\program files (x86)\microsoft visual studio\2017\community\vc\tools\msvc\14.10.25017\include\cstring(10): error C2873: “memchr”: 符号不能用在 using 声明中
c:\program files (x86)\microsoft visual studio\2017\community\vc\tools\msvc\14.10.25017\include\cstring(10): error C2039: “memcmp”: 不是“`global namespace'”的成员
c:\program files (x86)\microsoft visual studio\2017\community\vc\tools\msvc\14.10.25017\include\cstring(10): error C2873: “memcmp”: 符号不能用在 using 声明中
c:\program files (x86)\microsoft visual studio\2017\community\vc\tools\msvc\14.10.25017\include\cstring(11): error C2039: “memcpy”: 不是“`global namespace'”的成员
c:\program files (x86)\microsoft visual studio\2017\community\vc\tools\msvc\14.10.25017\include\cstring(11): error C2873: “memcpy”: 符号不能用在 using 声明中
c:\program files (x86)\microsoft visual studio\2017\community\vc\tools\msvc\14.10.25017\include\cstring(11): error C2039: “memmove”: 不是“`global namespace'”的成员
c:\program files (x86)\microsoft visual studio\2017\community\vc\tools\msvc\14.10.25017\include\cstring(11): error C2873: “memmove”: 符号不能用在 using 声明中
c:\program files (x86)\microsoft visual studio\2017\community\vc\tools\msvc\14.10.25017\include\cstring(11): error C2039: “memset”: 不是“`global namespace'”的成员
c:\program files (x86)\microsoft visual studio\2017\community\vc\tools\msvc\14.10.25017\include\cstring(11): error C2873: “memset”: 符号不能用在 using 声明中
c:\program files (x86)\microsoft visual studio\2017\community\vc\tools\msvc\14.10.25017\include\cstring(12): error C2039: “strcat”: 不是“`global namespace'”的成员
c:\program files (x86)\microsoft visual studio\2017\community\vc\tools\msvc\14.10.25017\include\cstring(12): error C2873: “strcat”: 符号不能用在 using 声明中
c:\program files (x86)\microsoft visual studio\2017\community\vc\tools\msvc\14.10.25017\include\cstring(12): error C2039: “strchr”: 不是“`global namespace'”的成员
c:\program files (x86)\microsoft visual studio\2017\community\vc\tools\msvc\14.10.25017\include\cstring(12): error C2873: “strchr”: 符号不能用在 using 声明中
c:\program files (x86)\microsoft visual studio\2017\community\vc\tools\msvc\14.10.25017\include\cstring(12): error C2039: “strcmp”: 不是“`global namespace'”的成员
c:\program files (x86)\microsoft visual studio\2017\community\vc\tools\msvc\14.10.25017\include\cstring(12): error C2873: “strcmp”: 符号不能用在 using 声明中
c:\program files (x86)\microsoft visual studio\2017\community\vc\tools\msvc\14.10.25017\include\cstring(13): error C2039: “strcoll”: 不是“`global namespace'”的成员
c:\program files (x86)\microsoft visual studio\2017\community\vc\tools\msvc\14.10.25017\include\cstring(13): error C2873: “strcoll”: 符号不能用在 using 声明中
c:\program files (x86)\microsoft visual studio\2017\community\vc\tools\msvc\14.10.25017\include\cstring(13): error C2039: “strcpy”: 不是“`global namespace'”的成员
c:\program files (x86)\microsoft visual studio\2017\community\vc\tools\msvc\14.10.25017\include\cstring(13): error C2873: “strcpy”: 符号不能用在 using 声明中
c:\program files (x86)\microsoft visual studio\2017\community\vc\tools\msvc\14.10.25017\include\cstring(13): error C2039: “strcspn”: 不是“`global namespace'”的成员
c:\program files (x86)\microsoft visual studio\2017\community\vc\tools\msvc\14.10.25017\include\cstring(13): error C2873: “strcspn”: 符号不能用在 using 声明中
c:\program files (x86)\microsoft visual studio\2017\community\vc\tools\msvc\14.10.25017\include\cstring(14): error C2039: “strerror”: 不是“`global namespace'”的成员
c:\program files (x86)\microsoft visual studio\2017\community\vc\tools\msvc\14.10.25017\include\cstring(14): error C2873: “strerror”: 符号不能用在 using 声明中
c:\program files (x86)\microsoft visual studio\2017\community\vc\tools\msvc\14.10.25017\include\cstring(14): error C2039: “strlen”: 不是“`global namespace'”的成员
c:\program files (x86)\microsoft visual studio\2017\community\vc\tools\msvc\14.10.25017\include\cstring(14): error C2873: “strlen”: 符号不能用在 using 声明中
c:\program files (x86)\microsoft visual studio\2017\community\vc\tools\msvc\14.10.25017\include\cstring(14): error C2039: “strncat”: 不是“`global namespace'”的成员
c:\program files (x86)\microsoft visual studio\2017\community\vc\tools\msvc\14.10.25017\include\cstring(14): error C2873: “strncat”: 符号不能用在 using 声明中
c:\program files (x86)\microsoft visual studio\2017\community\vc\tools\msvc\14.10.25017\include\cstring(15): error C2039: “strncmp”: 不是“`global namespace'”的成员
c:\program files (x86)\microsoft visual studio\2017\community\vc\tools\msvc\14.10.25017\include\cstring(15): error C2873: “strncmp”: 符号不能用在 using 声明中
c:\program files (x86)\microsoft visual studio\2017\community\vc\tools\msvc\14.10.25017\include\cstring(15): error C2039: “strncpy”: 不是“`global namespace'”的成员
c:\program files (x86)\microsoft visual studio\2017\community\vc\tools\msvc\14.10.25017\include\cstring(15): error C2873: “strncpy”: 符号不能用在 using 声明中
c:\program files (x86)\microsoft visual studio\2017\community\vc\tools\msvc\14.10.25017\include\cstring(15): error C2039: “strpbrk”: 不是“`global namespace'”的成员
c:\program files (x86)\microsoft visual studio\2017\community\vc\tools\msvc\14.10.25017\include\cstring(15): error C2873: “strpbrk”: 符号不能用在 using 声明中
c:\program files (x86)\microsoft visual studio\2017\community\vc\tools\msvc\14.10.25017\include\cstring(16): error C2039: “strrchr”: 不是“`global namespace'”的成员
c:\program files (x86)\microsoft visual studio\2017\community\vc\tools\msvc\14.10.25017\include\cstring(16): error C2873: “strrchr”: 符号不能用在 using 声明中
c:\program files (x86)\microsoft visual studio\2017\community\vc\tools\msvc\14.10.25017\include\cstring(16): error C2039: “strspn”: 不是“`global namespace'”的成员
c:\program files (x86)\microsoft visual studio\2017\community\vc\tools\msvc\14.10.25017\include\cstring(16): error C2873: “strspn”: 符号不能用在 using 声明中
c:\program files (x86)\microsoft visual studio\2017\community\vc\tools\msvc\14.10.25017\include\cstring(16): error C2039: “strstr”: 不是“`global namespace'”的成员
c:\program files (x86)\microsoft visual studio\2017\community\vc\tools\msvc\14.10.25017\include\cstring(16): error C2873: “strstr”: 符号不能用在 using 声明中
c:\program files (x86)\microsoft visual studio\2017\community\vc\tools\msvc\14.10.25017\include\cstring(17): error C2039: “strtok”: 不是“`global namespace'”的成员
c:\program files (x86)\microsoft visual studio\2017\community\vc\tools\msvc\14.10.25017\include\cstring(17): error C2873: “strtok”: 符号不能用在 using 声明中
c:\program files (x86)\microsoft visual studio\2017\community\vc\tools\msvc\14.10.25017\include\cstring(17): error C2039: “strxfrm”: 不是“`global namespace'”的成员
c:\program files (x86)\microsoft visual studio\2017\community\vc\tools\msvc\14.10.25017\include\cstring(17): error C2873: “strxfrm”: 符号不能用在 using 声明中
c:\program files (x86)\microsoft visual studio\2017\community\vc\tools\msvc\14.10.25017\include\iosfwd(480): error C2039: “strlen”: 不是“`global namespace'”的成员
c:\program files (x86)\microsoft visual studio\2017\community\vc\tools\msvc\14.10.25017\include\iosfwd(480): error C3861: “strlen”: 找不到标识符
c:\program files (x86)\microsoft visual studio\2017\community\vc\tools\msvc\14.10.25017\include\xlocale(480): error C2039: “strcmp”: 不是“`global namespace'”的成员
c:\program files (x86)\microsoft visual studio\2017\community\vc\tools\msvc\14.10.25017\include\xlocale(480): error C3861: “strcmp”: 找不到标识符
c:\program files (x86)\microsoft visual studio\2017\community\vc\tools\msvc\14.10.25017\include\xlocale(691): error C2039: “strlen”: 不是“`global namespace'”的成员
c:\program files (x86)\microsoft visual studio\2017\community\vc\tools\msvc\14.10.25017\include\xlocale(691): error C3861: “strlen”: 找不到标识符
c:\program files (x86)\microsoft visual studio\2017\community\vc\tools\msvc\14.10.25017\include\xlocale(727): error C2039: “strlen”: 不是“`global namespace'”的成员
c:\program files (x86)\microsoft visual studio\2017\community\vc\tools\msvc\14.10.25017\include\xlocale(727): error C3861: “strlen”: 找不到标识符
c:\program files (x86)\microsoft visual studio\2017\community\vc\tools\msvc\14.10.25017\include\xlocale(1631): error C2039: “strlen”: 不是“`global namespace'”的成员
c:\program files (x86)\microsoft visual studio\2017\community\vc\tools\msvc\14.10.25017\include\xlocale(1631): error C3861: “strlen”: 找不到标识符
c:\program files (x86)\microsoft visual studio\2017\community\vc\tools\msvc\14.10.25017\include\xlocale(1746): error C2039: “strlen”: 不是“`global namespace'”的成员
c:\program files (x86)\microsoft visual studio\2017\community\vc\tools\msvc\14.10.25017\include\xlocale(1746): error C3861: “strlen”: 找不到标识符
c:\program files (x86)\microsoft visual studio\2017\community\vc\tools\msvc\14.10.25017\include\xlocale(1880): error C2039: “strlen”: 不是“`global namespace'”的成员
c:\program files (x86)\microsoft visual studio\2017\community\vc\tools\msvc\14.10.25017\include\xlocale(1880): error C3861: “strlen”: 找不到标识符
c:\program files (x86)\microsoft visual studio\2017\community\vc\tools\msvc\14.10.25017\include\xlocale(1995): error C2039: “strlen”: 不是“`global namespace'”的成员
c:\program files (x86)\microsoft visual studio\2017\community\vc\tools\msvc\14.10.25017\include\xlocale(1995): error C3861: “strlen”: 找不到标识符
c:\program files (x86)\microsoft visual studio\2017\community\vc\tools\msvc\14.10.25017\include\xhash(43): error C2039: “strlen”: 不是“`global namespace'”的成员
c:\program files (x86)\microsoft visual studio\2017\community\vc\tools\msvc\14.10.25017\include\xhash(43): error C3861: “strlen”: 找不到标识符
  uuid.cpp
z:\zylib\test\boost\uuid.cpp(2): fatal error C1083: 无法打开包括文件: “boost/uuid/uuid.hpp”: No such file or directory
  stream_buff.cpp
c:\program files (x86)\microsoft visual studio\2017\community\vc\tools\msvc\14.10.25017\include\cstring(10): error C2039: “memchr”: 不是“`global namespace'”的成员
c:\program files (x86)\microsoft visual studio\2017\community\vc\tools\msvc\14.10.25017\include\cstring(10): error C2873: “memchr”: 符号不能用在 using 声明中
c:\program files (x86)\microsoft visual studio\2017\community\vc\tools\msvc\14.10.25017\include\cstring(10): error C2039: “memcmp”: 不是“`global namespace'”的成员
c:\program files (x86)\microsoft visual studio\2017\community\vc\tools\msvc\14.10.25017\include\cstring(10): error C2873: “memcmp”: 符号不能用在 using 声明中
c:\program files (x86)\microsoft visual studio\2017\community\vc\tools\msvc\14.10.25017\include\cstring(11): error C2039: “memcpy”: 不是“`global namespace'”的成员
c:\program files (x86)\microsoft visual studio\2017\community\vc\tools\msvc\14.10.25017\include\cstring(11): error C2873: “memcpy”: 符号不能用在 using 声明中
c:\program files (x86)\microsoft visual studio\2017\community\vc\tools\msvc\14.10.25017\include\cstring(11): error C2039: “memmove”: 不是“`global namespace'”的成员
c:\program files (x86)\microsoft visual studio\2017\community\vc\tools\msvc\14.10.25017\include\cstring(11): error C2873: “memmove”: 符号不能用在 using 声明中
c:\program files (x86)\microsoft visual studio\2017\community\vc\tools\msvc\14.10.25017\include\cstring(11): error C2039: “memset”: 不是“`global namespace'”的成员
c:\program files (x86)\microsoft visual studio\2017\community\vc\tools\msvc\14.10.25017\include\cstring(11): error C2873: “memset”: 符号不能用在 using 声明中
c:\program files (x86)\microsoft visual studio\2017\community\vc\tools\msvc\14.10.25017\include\cstring(12): error C2039: “strcat”: 不是“`global namespace'”的成员
c:\program files (x86)\microsoft visual studio\2017\community\vc\tools\msvc\14.10.25017\include\cstring(12): error C2873: “strcat”: 符号不能用在 using 声明中
c:\program files (x86)\microsoft visual studio\2017\community\vc\tools\msvc\14.10.25017\include\cstring(12): error C2039: “strchr”: 不是“`global namespace'”的成员
c:\program files (x86)\microsoft visual studio\2017\community\vc\tools\msvc\14.10.25017\include\cstring(12): error C2873: “strchr”: 符号不能用在 using 声明中
c:\program files (x86)\microsoft visual studio\2017\community\vc\tools\msvc\14.10.25017\include\cstring(12): error C2039: “strcmp”: 不是“`global namespace'”的成员
c:\program files (x86)\microsoft visual studio\2017\community\vc\tools\msvc\14.10.25017\include\cstring(12): error C2873: “strcmp”: 符号不能用在 using 声明中
c:\program files (x86)\microsoft visual studio\2017\community\vc\tools\msvc\14.10.25017\include\cstring(13): error C2039: “strcoll”: 不是“`global namespace'”的成员
c:\program files (x86)\microsoft visual studio\2017\community\vc\tools\msvc\14.10.25017\include\cstring(13): error C2873: “strcoll”: 符号不能用在 using 声明中
c:\program files (x86)\microsoft visual studio\2017\community\vc\tools\msvc\14.10.25017\include\cstring(13): error C2039: “strcpy”: 不是“`global namespace'”的成员
c:\program files (x86)\microsoft visual studio\2017\community\vc\tools\msvc\14.10.25017\include\cstring(13): error C2873: “strcpy”: 符号不能用在 using 声明中
c:\program files (x86)\microsoft visual studio\2017\community\vc\tools\msvc\14.10.25017\include\cstring(13): error C2039: “strcspn”: 不是“`global namespace'”的成员
c:\program files (x86)\microsoft visual studio\2017\community\vc\tools\msvc\14.10.25017\include\cstring(13): error C2873: “strcspn”: 符号不能用在 using 声明中
c:\program files (x86)\microsoft visual studio\2017\community\vc\tools\msvc\14.10.25017\include\cstring(14): error C2039: “strerror”: 不是“`global namespace'”的成员
c:\program files (x86)\microsoft visual studio\2017\community\vc\tools\msvc\14.10.25017\include\cstring(14): error C2873: “strerror”: 符号不能用在 using 声明中
c:\program files (x86)\microsoft visual studio\2017\community\vc\tools\msvc\14.10.25017\include\cstring(14): error C2039: “strlen”: 不是“`global namespace'”的成员
c:\program files (x86)\microsoft visual studio\2017\community\vc\tools\msvc\14.10.25017\include\cstring(14): error C2873: “strlen”: 符号不能用在 using 声明中
c:\program files (x86)\microsoft visual studio\2017\community\vc\tools\msvc\14.10.25017\include\cstring(14): error C2039: “strncat”: 不是“`global namespace'”的成员
c:\program files (x86)\microsoft visual studio\2017\community\vc\tools\msvc\14.10.25017\include\cstring(14): error C2873: “strncat”: 符号不能用在 using 声明中
c:\program files (x86)\microsoft visual studio\2017\community\vc\tools\msvc\14.10.25017\include\cstring(15): error C2039: “strncmp”: 不是“`global namespace'”的成员
c:\program files (x86)\microsoft visual studio\2017\community\vc\tools\msvc\14.10.25017\include\cstring(15): error C2873: “strncmp”: 符号不能用在 using 声明中
c:\program files (x86)\microsoft visual studio\2017\community\vc\tools\msvc\14.10.25017\include\cstring(15): error C2039: “strncpy”: 不是“`global namespace'”的成员
c:\program files (x86)\microsoft visual studio\2017\community\vc\tools\msvc\14.10.25017\include\cstring(15): error C2873: “strncpy”: 符号不能用在 using 声明中
c:\program files (x86)\microsoft visual studio\2017\community\vc\tools\msvc\14.10.25017\include\cstring(15): error C2039: “strpbrk”: 不是“`global namespace'”的成员
c:\program files (x86)\microsoft visual studio\2017\community\vc\tools\msvc\14.10.25017\include\cstring(15): error C2873: “strpbrk”: 符号不能用在 using 声明中
c:\program files (x86)\microsoft visual studio\2017\community\vc\tools\msvc\14.10.25017\include\cstring(16): error C2039: “strrchr”: 不是“`global namespace'”的成员
c:\program files (x86)\microsoft visual studio\2017\community\vc\tools\msvc\14.10.25017\include\cstring(16): error C2873: “strrchr”: 符号不能用在 using 声明中
c:\program files (x86)\microsoft visual studio\2017\community\vc\tools\msvc\14.10.25017\include\cstring(16): error C2039: “strspn”: 不是“`global namespace'”的成员
c:\program files (x86)\microsoft visual studio\2017\community\vc\tools\msvc\14.10.25017\include\cstring(16): error C2873: “strspn”: 符号不能用在 using 声明中
c:\program files (x86)\microsoft visual studio\2017\community\vc\tools\msvc\14.10.25017\include\cstring(16): error C2039: “strstr”: 不是“`global namespace'”的成员
c:\program files (x86)\microsoft visual studio\2017\community\vc\tools\msvc\14.10.25017\include\cstring(16): error C2873: “strstr”: 符号不能用在 using 声明中
c:\program files (x86)\microsoft visual studio\2017\community\vc\tools\msvc\14.10.25017\include\cstring(17): error C2039: “strtok”: 不是“`global namespace'”的成员
c:\program files (x86)\microsoft visual studio\2017\community\vc\tools\msvc\14.10.25017\include\cstring(17): error C2873: “strtok”: 符号不能用在 using 声明中
c:\program files (x86)\microsoft visual studio\2017\community\vc\tools\msvc\14.10.25017\include\cstring(17): error C2039: “strxfrm”: 不是“`global namespace'”的成员
c:\program files (x86)\microsoft visual studio\2017\community\vc\tools\msvc\14.10.25017\include\cstring(17): error C2873: “strxfrm”: 符号不能用在 using 声明中
c:\program files (x86)\microsoft visual studio\2017\community\vc\tools\msvc\14.10.25017\include\iosfwd(480): error C2039: “strlen”: 不是“`global namespace'”的成员
c:\program files (x86)\microsoft visual studio\2017\community\vc\tools\msvc\14.10.25017\include\iosfwd(480): error C3861: “strlen”: 找不到标识符
c:\program files (x86)\microsoft visual studio\2017\community\vc\tools\msvc\14.10.25017\include\xlocale(480): error C2039: “strcmp”: 不是“`global namespace'”的成员
c:\program files (x86)\microsoft visual studio\2017\community\vc\tools\msvc\14.10.25017\include\xlocale(480): error C3861: “strcmp”: 找不到标识符
c:\program files (x86)\microsoft visual studio\2017\community\vc\tools\msvc\14.10.25017\include\xlocale(691): error C2039: “strlen”: 不是“`global namespace'”的成员
c:\program files (x86)\microsoft visual studio\2017\community\vc\tools\msvc\14.10.25017\include\xlocale(691): error C3861: “strlen”: 找不到标识符
c:\program files (x86)\microsoft visual studio\2017\community\vc\tools\msvc\14.10.25017\include\xlocale(727): error C2039: “strlen”: 不是“`global namespace'”的成员
c:\program files (x86)\microsoft visual studio\2017\community\vc\tools\msvc\14.10.25017\include\xlocale(727): error C3861: “strlen”: 找不到标识符
c:\program files (x86)\microsoft visual studio\2017\community\vc\tools\msvc\14.10.25017\include\xlocale(1631): error C2039: “strlen”: 不是“`global namespace'”的成员
c:\program files (x86)\microsoft visual studio\2017\community\vc\tools\msvc\14.10.25017\include\xlocale(1631): error C3861: “strlen”: 找不到标识符
c:\program files (x86)\microsoft visual studio\2017\community\vc\tools\msvc\14.10.25017\include\xlocale(1746): error C2039: “strlen”: 不是“`global namespace'”的成员
c:\program files (x86)\microsoft visual studio\2017\community\vc\tools\msvc\14.10.25017\include\xlocale(1746): error C3861: “strlen”: 找不到标识符
c:\program files (x86)\microsoft visual studio\2017\community\vc\tools\msvc\14.10.25017\include\xlocale(1880): error C2039: “strlen”: 不是“`global namespace'”的成员
c:\program files (x86)\microsoft visual studio\2017\community\vc\tools\msvc\14.10.25017\include\xlocale(1880): error C3861: “strlen”: 找不到标识符
c:\program files (x86)\microsoft visual studio\2017\community\vc\tools\msvc\14.10.25017\include\xlocale(1995): error C2039: “strlen”: 不是“`global namespace'”的成员
c:\program files (x86)\microsoft visual studio\2017\community\vc\tools\msvc\14.10.25017\include\xlocale(1995): error C3861: “strlen”: 找不到标识符
z:\zylib\test\boost\stream_buff.cpp(7): fatal error C1083: 无法打开包括文件: “boost/asio.hpp”: No such file or directory
  signal.cpp
c:\program files (x86)\microsoft visual studio\2017\community\vc\tools\msvc\14.10.25017\include\cstring(10): error C2039: “memchr”: 不是“`global namespace'”的成员
c:\program files (x86)\microsoft visual studio\2017\community\vc\tools\msvc\14.10.25017\include\cstring(10): error C2873: “memchr”: 符号不能用在 using 声明中
c:\program files (x86)\microsoft visual studio\2017\community\vc\tools\msvc\14.10.25017\include\cstring(10): error C2039: “memcmp”: 不是“`global namespace'”的成员
c:\program files (x86)\microsoft visual studio\2017\community\vc\tools\msvc\14.10.25017\include\cstring(10): error C2873: “memcmp”: 符号不能用在 using 声明中
c:\program files (x86)\microsoft visual studio\2017\community\vc\tools\msvc\14.10.25017\include\cstring(11): error C2039: “memcpy”: 不是“`global namespace'”的成员
c:\program files (x86)\microsoft visual studio\2017\community\vc\tools\msvc\14.10.25017\include\cstring(11): error C2873: “memcpy”: 符号不能用在 using 声明中
c:\program files (x86)\microsoft visual studio\2017\community\vc\tools\msvc\14.10.25017\include\cstring(11): error C2039: “memmove”: 不是“`global namespace'”的成员
c:\program files (x86)\microsoft visual studio\2017\community\vc\tools\msvc\14.10.25017\include\cstring(11): error C2873: “memmove”: 符号不能用在 using 声明中
c:\program files (x86)\microsoft visual studio\2017\community\vc\tools\msvc\14.10.25017\include\cstring(11): error C2039: “memset”: 不是“`global namespace'”的成员
c:\program files (x86)\microsoft visual studio\2017\community\vc\tools\msvc\14.10.25017\include\cstring(11): error C2873: “memset”: 符号不能用在 using 声明中
c:\program files (x86)\microsoft visual studio\2017\community\vc\tools\msvc\14.10.25017\include\cstring(12): error C2039: “strcat”: 不是“`global namespace'”的成员
c:\program files (x86)\microsoft visual studio\2017\community\vc\tools\msvc\14.10.25017\include\cstring(12): error C2873: “strcat”: 符号不能用在 using 声明中
c:\program files (x86)\microsoft visual studio\2017\community\vc\tools\msvc\14.10.25017\include\cstring(12): error C2039: “strchr”: 不是“`global namespace'”的成员
c:\program files (x86)\microsoft visual studio\2017\community\vc\tools\msvc\14.10.25017\include\cstring(12): error C2873: “strchr”: 符号不能用在 using 声明中
c:\program files (x86)\microsoft visual studio\2017\community\vc\tools\msvc\14.10.25017\include\cstring(12): error C2039: “strcmp”: 不是“`global namespace'”的成员
c:\program files (x86)\microsoft visual studio\2017\community\vc\tools\msvc\14.10.25017\include\cstring(12): error C2873: “strcmp”: 符号不能用在 using 声明中
c:\program files (x86)\microsoft visual studio\2017\community\vc\tools\msvc\14.10.25017\include\cstring(13): error C2039: “strcoll”: 不是“`global namespace'”的成员
c:\program files (x86)\microsoft visual studio\2017\community\vc\tools\msvc\14.10.25017\include\cstring(13): error C2873: “strcoll”: 符号不能用在 using 声明中
c:\program files (x86)\microsoft visual studio\2017\community\vc\tools\msvc\14.10.25017\include\cstring(13): error C2039: “strcpy”: 不是“`global namespace'”的成员
c:\program files (x86)\microsoft visual studio\2017\community\vc\tools\msvc\14.10.25017\include\cstring(13): error C2873: “strcpy”: 符号不能用在 using 声明中
c:\program files (x86)\microsoft visual studio\2017\community\vc\tools\msvc\14.10.25017\include\cstring(13): error C2039: “strcspn”: 不是“`global namespace'”的成员
c:\program files (x86)\microsoft visual studio\2017\community\vc\tools\msvc\14.10.25017\include\cstring(13): error C2873: “strcspn”: 符号不能用在 using 声明中
c:\program files (x86)\microsoft visual studio\2017\community\vc\tools\msvc\14.10.25017\include\cstring(14): error C2039: “strerror”: 不是“`global namespace'”的成员
c:\program files (x86)\microsoft visual studio\2017\community\vc\tools\msvc\14.10.25017\include\cstring(14): error C2873: “strerror”: 符号不能用在 using 声明中
c:\program files (x86)\microsoft visual studio\2017\community\vc\tools\msvc\14.10.25017\include\cstring(14): error C2039: “strlen”: 不是“`global namespace'”的成员
c:\program files (x86)\microsoft visual studio\2017\community\vc\tools\msvc\14.10.25017\include\cstring(14): error C2873: “strlen”: 符号不能用在 using 声明中
c:\program files (x86)\microsoft visual studio\2017\community\vc\tools\msvc\14.10.25017\include\cstring(14): error C2039: “strncat”: 不是“`global namespace'”的成员
c:\program files (x86)\microsoft visual studio\2017\community\vc\tools\msvc\14.10.25017\include\cstring(14): error C2873: “strncat”: 符号不能用在 using 声明中
c:\program files (x86)\microsoft visual studio\2017\community\vc\tools\msvc\14.10.25017\include\cstring(15): error C2039: “strncmp”: 不是“`global namespace'”的成员
c:\program files (x86)\microsoft visual studio\2017\community\vc\tools\msvc\14.10.25017\include\cstring(15): error C2873: “strncmp”: 符号不能用在 using 声明中
c:\program files (x86)\microsoft visual studio\2017\community\vc\tools\msvc\14.10.25017\include\cstring(15): error C2039: “strncpy”: 不是“`global namespace'”的成员
c:\program files (x86)\microsoft visual studio\2017\community\vc\tools\msvc\14.10.25017\include\cstring(15): error C2873: “strncpy”: 符号不能用在 using 声明中
c:\program files (x86)\microsoft visual studio\2017\community\vc\tools\msvc\14.10.25017\include\cstring(15): error C2039: “strpbrk”: 不是“`global namespace'”的成员
c:\program files (x86)\microsoft visual studio\2017\community\vc\tools\msvc\14.10.25017\include\cstring(15): error C2873: “strpbrk”: 符号不能用在 using 声明中
c:\program files (x86)\microsoft visual studio\2017\community\vc\tools\msvc\14.10.25017\include\cstring(16): error C2039: “strrchr”: 不是“`global namespace'”的成员
c:\program files (x86)\microsoft visual studio\2017\community\vc\tools\msvc\14.10.25017\include\cstring(16): error C2873: “strrchr”: 符号不能用在 using 声明中
c:\program files (x86)\microsoft visual studio\2017\community\vc\tools\msvc\14.10.25017\include\cstring(16): error C2039: “strspn”: 不是“`global namespace'”的成员
c:\program files (x86)\microsoft visual studio\2017\community\vc\tools\msvc\14.10.25017\include\cstring(16): error C2873: “strspn”: 符号不能用在 using 声明中
c:\program files (x86)\microsoft visual studio\2017\community\vc\tools\msvc\14.10.25017\include\cstring(16): error C2039: “strstr”: 不是“`global namespace'”的成员
c:\program files (x86)\microsoft visual studio\2017\community\vc\tools\msvc\14.10.25017\include\cstring(16): error C2873: “strstr”: 符号不能用在 using 声明中
c:\program files (x86)\microsoft visual studio\2017\community\vc\tools\msvc\14.10.25017\include\cstring(17): error C2039: “strtok”: 不是“`global namespace'”的成员
c:\program files (x86)\microsoft visual studio\2017\community\vc\tools\msvc\14.10.25017\include\cstring(17): error C2873: “strtok”: 符号不能用在 using 声明中
c:\program files (x86)\microsoft visual studio\2017\community\vc\tools\msvc\14.10.25017\include\cstring(17): error C2039: “strxfrm”: 不是“`global namespace'”的成员
c:\program files (x86)\microsoft visual studio\2017\community\vc\tools\msvc\14.10.25017\include\cstring(17): error C2873: “strxfrm”: 符号不能用在 using 声明中
c:\program files (x86)\microsoft visual studio\2017\community\vc\tools\msvc\14.10.25017\include\iosfwd(480): error C2039: “strlen”: 不是“`global namespace'”的成员
c:\program files (x86)\microsoft visual studio\2017\community\vc\tools\msvc\14.10.25017\include\iosfwd(480): error C3861: “strlen”: 找不到标识符
c:\program files (x86)\microsoft visual studio\2017\community\vc\tools\msvc\14.10.25017\include\xlocale(480): error C2039: “strcmp”: 不是“`global namespace'”的成员
c:\program files (x86)\microsoft visual studio\2017\community\vc\tools\msvc\14.10.25017\include\xlocale(480): error C3861: “strcmp”: 找不到标识符
c:\program files (x86)\microsoft visual studio\2017\community\vc\tools\msvc\14.10.25017\include\xlocale(691): error C2039: “strlen”: 不是“`global namespace'”的成员
c:\program files (x86)\microsoft visual studio\2017\community\vc\tools\msvc\14.10.25017\include\xlocale(691): error C3861: “strlen”: 找不到标识符
c:\program files (x86)\microsoft visual studio\2017\community\vc\tools\msvc\14.10.25017\include\xlocale(727): error C2039: “strlen”: 不是“`global namespace'”的成员
c:\program files (x86)\microsoft visual studio\2017\community\vc\tools\msvc\14.10.25017\include\xlocale(727): error C3861: “strlen”: 找不到标识符
c:\program files (x86)\microsoft visual studio\2017\community\vc\tools\msvc\14.10.25017\include\xlocale(1631): error C2039: “strlen”: 不是“`global namespace'”的成员
c:\program files (x86)\microsoft visual studio\2017\community\vc\tools\msvc\14.10.25017\include\xlocale(1631): error C3861: “strlen”: 找不到标识符
c:\program files (x86)\microsoft visual studio\2017\community\vc\tools\msvc\14.10.25017\include\xlocale(1746): error C2039: “strlen”: 不是“`global namespace'”的成员
c:\program files (x86)\microsoft visual studio\2017\community\vc\tools\msvc\14.10.25017\include\xlocale(1746): error C3861: “strlen”: 找不到标识符
c:\program files (x86)\microsoft visual studio\2017\community\vc\tools\msvc\14.10.25017\include\xlocale(1880): error C2039: “strlen”: 不是“`global namespace'”的成员
c:\program files (x86)\microsoft visual studio\2017\community\vc\tools\msvc\14.10.25017\include\xlocale(1880): error C3861: “strlen”: 找不到标识符
c:\program files (x86)\microsoft visual studio\2017\community\vc\tools\msvc\14.10.25017\include\xlocale(1995): error C2039: “strlen”: 不是“`global namespace'”的成员
c:\program files (x86)\microsoft visual studio\2017\community\vc\tools\msvc\14.10.25017\include\xlocale(1995): error C3861: “strlen”: 找不到标识符
z:\zylib\test\boost\signal.cpp(6): fatal error C1083: 无法打开包括文件: “boost/signals2.hpp”: No such file or directory
  md5.cpp
z:\zylib\test\boost\md5.cpp(1): fatal error C1083: 无法打开包括文件: “boost/filesystem.hpp”: No such file or directory
  mainEx.cc
z:\zylib\test\boost\log\mainex.cc(8): fatal error C1083: 无法打开包括文件: “boost/log/core.hpp”: No such file or directory
  main.cpp
c:\program files (x86)\microsoft visual studio\2017\community\vc\tools\msvc\14.10.25017\include\cstring(10): error C2039: “memchr”: 不是“`global namespace'”的成员
c:\program files (x86)\microsoft visual studio\2017\community\vc\tools\msvc\14.10.25017\include\cstring(10): error C2873: “memchr”: 符号不能用在 using 声明中
c:\program files (x86)\microsoft visual studio\2017\community\vc\tools\msvc\14.10.25017\include\cstring(10): error C2039: “memcmp”: 不是“`global namespace'”的成员
c:\program files (x86)\microsoft visual studio\2017\community\vc\tools\msvc\14.10.25017\include\cstring(10): error C2873: “memcmp”: 符号不能用在 using 声明中
c:\program files (x86)\microsoft visual studio\2017\community\vc\tools\msvc\14.10.25017\include\cstring(11): error C2039: “memcpy”: 不是“`global namespace'”的成员
c:\program files (x86)\microsoft visual studio\2017\community\vc\tools\msvc\14.10.25017\include\cstring(11): error C2873: “memcpy”: 符号不能用在 using 声明中
c:\program files (x86)\microsoft visual studio\2017\community\vc\tools\msvc\14.10.25017\include\cstring(11): error C2039: “memmove”: 不是“`global namespace'”的成员
c:\program files (x86)\microsoft visual studio\2017\community\vc\tools\msvc\14.10.25017\include\cstring(11): error C2873: “memmove”: 符号不能用在 using 声明中
c:\program files (x86)\microsoft visual studio\2017\community\vc\tools\msvc\14.10.25017\include\cstring(11): error C2039: “memset”: 不是“`global namespace'”的成员
c:\program files (x86)\microsoft visual studio\2017\community\vc\tools\msvc\14.10.25017\include\cstring(11): error C2873: “memset”: 符号不能用在 using 声明中
c:\program files (x86)\microsoft visual studio\2017\community\vc\tools\msvc\14.10.25017\include\cstring(12): error C2039: “strcat”: 不是“`global namespace'”的成员
c:\program files (x86)\microsoft visual studio\2017\community\vc\tools\msvc\14.10.25017\include\cstring(12): error C2873: “strcat”: 符号不能用在 using 声明中
c:\program files (x86)\microsoft visual studio\2017\community\vc\tools\msvc\14.10.25017\include\cstring(12): error C2039: “strchr”: 不是“`global namespace'”的成员
c:\program files (x86)\microsoft visual studio\2017\community\vc\tools\msvc\14.10.25017\include\cstring(12): error C2873: “strchr”: 符号不能用在 using 声明中
c:\program files (x86)\microsoft visual studio\2017\community\vc\tools\msvc\14.10.25017\include\cstring(12): error C2039: “strcmp”: 不是“`global namespace'”的成员
c:\program files (x86)\microsoft visual studio\2017\community\vc\tools\msvc\14.10.25017\include\cstring(12): error C2873: “strcmp”: 符号不能用在 using 声明中
c:\program files (x86)\microsoft visual studio\2017\community\vc\tools\msvc\14.10.25017\include\cstring(13): error C2039: “strcoll”: 不是“`global namespace'”的成员
c:\program files (x86)\microsoft visual studio\2017\community\vc\tools\msvc\14.10.25017\include\cstring(13): error C2873: “strcoll”: 符号不能用在 using 声明中
c:\program files (x86)\microsoft visual studio\2017\community\vc\tools\msvc\14.10.25017\include\cstring(13): error C2039: “strcpy”: 不是“`global namespace'”的成员
c:\program files (x86)\microsoft visual studio\2017\community\vc\tools\msvc\14.10.25017\include\cstring(13): error C2873: “strcpy”: 符号不能用在 using 声明中
c:\program files (x86)\microsoft visual studio\2017\community\vc\tools\msvc\14.10.25017\include\cstring(13): error C2039: “strcspn”: 不是“`global namespace'”的成员
c:\program files (x86)\microsoft visual studio\2017\community\vc\tools\msvc\14.10.25017\include\cstring(13): error C2873: “strcspn”: 符号不能用在 using 声明中
c:\program files (x86)\microsoft visual studio\2017\community\vc\tools\msvc\14.10.25017\include\cstring(14): error C2039: “strerror”: 不是“`global namespace'”的成员
c:\program files (x86)\microsoft visual studio\2017\community\vc\tools\msvc\14.10.25017\include\cstring(14): error C2873: “strerror”: 符号不能用在 using 声明中
c:\program files (x86)\microsoft visual studio\2017\community\vc\tools\msvc\14.10.25017\include\cstring(14): error C2039: “strlen”: 不是“`global namespace'”的成员
c:\program files (x86)\microsoft visual studio\2017\community\vc\tools\msvc\14.10.25017\include\cstring(14): error C2873: “strlen”: 符号不能用在 using 声明中
c:\program files (x86)\microsoft visual studio\2017\community\vc\tools\msvc\14.10.25017\include\cstring(14): error C2039: “strncat”: 不是“`global namespace'”的成员
c:\program files (x86)\microsoft visual studio\2017\community\vc\tools\msvc\14.10.25017\include\cstring(14): error C2873: “strncat”: 符号不能用在 using 声明中
c:\program files (x86)\microsoft visual studio\2017\community\vc\tools\msvc\14.10.25017\include\cstring(15): error C2039: “strncmp”: 不是“`global namespace'”的成员
c:\program files (x86)\microsoft visual studio\2017\community\vc\tools\msvc\14.10.25017\include\cstring(15): error C2873: “strncmp”: 符号不能用在 using 声明中
c:\program files (x86)\microsoft visual studio\2017\community\vc\tools\msvc\14.10.25017\include\cstring(15): error C2039: “strncpy”: 不是“`global namespace'”的成员
c:\program files (x86)\microsoft visual studio\2017\community\vc\tools\msvc\14.10.25017\include\cstring(15): error C2873: “strncpy”: 符号不能用在 using 声明中
c:\program files (x86)\microsoft visual studio\2017\community\vc\tools\msvc\14.10.25017\include\cstring(15): error C2039: “strpbrk”: 不是“`global namespace'”的成员
c:\program files (x86)\microsoft visual studio\2017\community\vc\tools\msvc\14.10.25017\include\cstring(15): error C2873: “strpbrk”: 符号不能用在 using 声明中
c:\program files (x86)\microsoft visual studio\2017\community\vc\tools\msvc\14.10.25017\include\cstring(16): error C2039: “strrchr”: 不是“`global namespace'”的成员
c:\program files (x86)\microsoft visual studio\2017\community\vc\tools\msvc\14.10.25017\include\cstring(16): error C2873: “strrchr”: 符号不能用在 using 声明中
c:\program files (x86)\microsoft visual studio\2017\community\vc\tools\msvc\14.10.25017\include\cstring(16): error C2039: “strspn”: 不是“`global namespace'”的成员
c:\program files (x86)\microsoft visual studio\2017\community\vc\tools\msvc\14.10.25017\include\cstring(16): error C2873: “strspn”: 符号不能用在 using 声明中
c:\program files (x86)\microsoft visual studio\2017\community\vc\tools\msvc\14.10.25017\include\cstring(16): error C2039: “strstr”: 不是“`global namespace'”的成员
c:\program files (x86)\microsoft visual studio\2017\community\vc\tools\msvc\14.10.25017\include\cstring(16): error C2873: “strstr”: 符号不能用在 using 声明中
c:\program files (x86)\microsoft visual studio\2017\community\vc\tools\msvc\14.10.25017\include\cstring(17): error C2039: “strtok”: 不是“`global namespace'”的成员
c:\program files (x86)\microsoft visual studio\2017\community\vc\tools\msvc\14.10.25017\include\cstring(17): error C2873: “strtok”: 符号不能用在 using 声明中
c:\program files (x86)\microsoft visual studio\2017\community\vc\tools\msvc\14.10.25017\include\cstring(17): error C2039: “strxfrm”: 不是“`global namespace'”的成员
c:\program files (x86)\microsoft visual studio\2017\community\vc\tools\msvc\14.10.25017\include\cstring(17): error C2873: “strxfrm”: 符号不能用在 using 声明中
c:\program files (x86)\microsoft visual studio\2017\community\vc\tools\msvc\14.10.25017\include\iosfwd(480): error C2039: “strlen”: 不是“`global namespace'”的成员
c:\program files (x86)\microsoft visual studio\2017\community\vc\tools\msvc\14.10.25017\include\iosfwd(480): error C3861: “strlen”: 找不到标识符
c:\program files (x86)\microsoft visual studio\2017\community\vc\tools\msvc\14.10.25017\include\xlocale(480): error C2039: “strcmp”: 不是“`global namespace'”的成员
c:\program files (x86)\microsoft visual studio\2017\community\vc\tools\msvc\14.10.25017\include\xlocale(480): error C3861: “strcmp”: 找不到标识符
c:\program files (x86)\microsoft visual studio\2017\community\vc\tools\msvc\14.10.25017\include\xlocale(691): error C2039: “strlen”: 不是“`global namespace'”的成员
c:\program files (x86)\microsoft visual studio\2017\community\vc\tools\msvc\14.10.25017\include\xlocale(691): error C3861: “strlen”: 找不到标识符
c:\program files (x86)\microsoft visual studio\2017\community\vc\tools\msvc\14.10.25017\include\xlocale(727): error C2039: “strlen”: 不是“`global namespace'”的成员
c:\program files (x86)\microsoft visual studio\2017\community\vc\tools\msvc\14.10.25017\include\xlocale(727): error C3861: “strlen”: 找不到标识符
c:\program files (x86)\microsoft visual studio\2017\community\vc\tools\msvc\14.10.25017\include\xlocale(1631): error C2039: “strlen”: 不是“`global namespace'”的成员
c:\program files (x86)\microsoft visual studio\2017\community\vc\tools\msvc\14.10.25017\include\xlocale(1631): error C3861: “strlen”: 找不到标识符
c:\program files (x86)\microsoft visual studio\2017\community\vc\tools\msvc\14.10.25017\include\xlocale(1746): error C2039: “strlen”: 不是“`global namespace'”的成员
c:\program files (x86)\microsoft visual studio\2017\community\vc\tools\msvc\14.10.25017\include\xlocale(1746): error C3861: “strlen”: 找不到标识符
c:\program files (x86)\microsoft visual studio\2017\community\vc\tools\msvc\14.10.25017\include\xlocale(1880): error C2039: “strlen”: 不是“`global namespace'”的成员
c:\program files (x86)\microsoft visual studio\2017\community\vc\tools\msvc\14.10.25017\include\xlocale(1880): error C3861: “strlen”: 找不到标识符
c:\program files (x86)\microsoft visual studio\2017\community\vc\tools\msvc\14.10.25017\include\xlocale(1995): error C2039: “strlen”: 不是“`global namespace'”的成员
c:\program files (x86)\microsoft visual studio\2017\community\vc\tools\msvc\14.10.25017\include\xlocale(1995): error C3861: “strlen”: 找不到标识符
z:\zylib\test\boost\log\logger.h(5): fatal error C1083: 无法打开包括文件: “boost/log/trivial.hpp”: No such file or directory
  Logger.cpp
c:\program files (x86)\microsoft visual studio\2017\community\vc\tools\msvc\14.10.25017\include\cstring(10): error C2039: “memchr”: 不是“`global namespace'”的成员
c:\program files (x86)\microsoft visual studio\2017\community\vc\tools\msvc\14.10.25017\include\cstring(10): error C2873: “memchr”: 符号不能用在 using 声明中
c:\program files (x86)\microsoft visual studio\2017\community\vc\tools\msvc\14.10.25017\include\cstring(10): error C2039: “memcmp”: 不是“`global namespace'”的成员
c:\program files (x86)\microsoft visual studio\2017\community\vc\tools\msvc\14.10.25017\include\cstring(10): error C2873: “memcmp”: 符号不能用在 using 声明中
c:\program files (x86)\microsoft visual studio\2017\community\vc\tools\msvc\14.10.25017\include\cstring(11): error C2039: “memcpy”: 不是“`global namespace'”的成员
c:\program files (x86)\microsoft visual studio\2017\community\vc\tools\msvc\14.10.25017\include\cstring(11): error C2873: “memcpy”: 符号不能用在 using 声明中
c:\program files (x86)\microsoft visual studio\2017\community\vc\tools\msvc\14.10.25017\include\cstring(11): error C2039: “memmove”: 不是“`global namespace'”的成员
c:\program files (x86)\microsoft visual studio\2017\community\vc\tools\msvc\14.10.25017\include\cstring(11): error C2873: “memmove”: 符号不能用在 using 声明中
c:\program files (x86)\microsoft visual studio\2017\community\vc\tools\msvc\14.10.25017\include\cstring(11): error C2039: “memset”: 不是“`global namespace'”的成员
c:\program files (x86)\microsoft visual studio\2017\community\vc\tools\msvc\14.10.25017\include\cstring(11): error C2873: “memset”: 符号不能用在 using 声明中
c:\program files (x86)\microsoft visual studio\2017\community\vc\tools\msvc\14.10.25017\include\cstring(12): error C2039: “strcat”: 不是“`global namespace'”的成员
c:\program files (x86)\microsoft visual studio\2017\community\vc\tools\msvc\14.10.25017\include\cstring(12): error C2873: “strcat”: 符号不能用在 using 声明中
c:\program files (x86)\microsoft visual studio\2017\community\vc\tools\msvc\14.10.25017\include\cstring(12): error C2039: “strchr”: 不是“`global namespace'”的成员
c:\program files (x86)\microsoft visual studio\2017\community\vc\tools\msvc\14.10.25017\include\cstring(12): error C2873: “strchr”: 符号不能用在 using 声明中
c:\program files (x86)\microsoft visual studio\2017\community\vc\tools\msvc\14.10.25017\include\cstring(12): error C2039: “strcmp”: 不是“`global namespace'”的成员
c:\program files (x86)\microsoft visual studio\2017\community\vc\tools\msvc\14.10.25017\include\cstring(12): error C2873: “strcmp”: 符号不能用在 using 声明中
c:\program files (x86)\microsoft visual studio\2017\community\vc\tools\msvc\14.10.25017\include\cstring(13): error C2039: “strcoll”: 不是“`global namespace'”的成员
c:\program files (x86)\microsoft visual studio\2017\community\vc\tools\msvc\14.10.25017\include\cstring(13): error C2873: “strcoll”: 符号不能用在 using 声明中
c:\program files (x86)\microsoft visual studio\2017\community\vc\tools\msvc\14.10.25017\include\cstring(13): error C2039: “strcpy”: 不是“`global namespace'”的成员
c:\program files (x86)\microsoft visual studio\2017\community\vc\tools\msvc\14.10.25017\include\cstring(13): error C2873: “strcpy”: 符号不能用在 using 声明中
c:\program files (x86)\microsoft visual studio\2017\community\vc\tools\msvc\14.10.25017\include\cstring(13): error C2039: “strcspn”: 不是“`global namespace'”的成员
c:\program files (x86)\microsoft visual studio\2017\community\vc\tools\msvc\14.10.25017\include\cstring(13): error C2873: “strcspn”: 符号不能用在 using 声明中
c:\program files (x86)\microsoft visual studio\2017\community\vc\tools\msvc\14.10.25017\include\cstring(14): error C2039: “strerror”: 不是“`global namespace'”的成员
c:\program files (x86)\microsoft visual studio\2017\community\vc\tools\msvc\14.10.25017\include\cstring(14): error C2873: “strerror”: 符号不能用在 using 声明中
c:\program files (x86)\microsoft visual studio\2017\community\vc\tools\msvc\14.10.25017\include\cstring(14): error C2039: “strlen”: 不是“`global namespace'”的成员
c:\program files (x86)\microsoft visual studio\2017\community\vc\tools\msvc\14.10.25017\include\cstring(14): error C2873: “strlen”: 符号不能用在 using 声明中
c:\program files (x86)\microsoft visual studio\2017\community\vc\tools\msvc\14.10.25017\include\cstring(14): error C2039: “strncat”: 不是“`global namespace'”的成员
c:\program files (x86)\microsoft visual studio\2017\community\vc\tools\msvc\14.10.25017\include\cstring(14): error C2873: “strncat”: 符号不能用在 using 声明中
c:\program files (x86)\microsoft visual studio\2017\community\vc\tools\msvc\14.10.25017\include\cstring(15): error C2039: “strncmp”: 不是“`global namespace'”的成员
c:\program files (x86)\microsoft visual studio\2017\community\vc\tools\msvc\14.10.25017\include\cstring(15): error C2873: “strncmp”: 符号不能用在 using 声明中
c:\program files (x86)\microsoft visual studio\2017\community\vc\tools\msvc\14.10.25017\include\cstring(15): error C2039: “strncpy”: 不是“`global namespace'”的成员
c:\program files (x86)\microsoft visual studio\2017\community\vc\tools\msvc\14.10.25017\include\cstring(15): error C2873: “strncpy”: 符号不能用在 using 声明中
c:\program files (x86)\microsoft visual studio\2017\community\vc\tools\msvc\14.10.25017\include\cstring(15): error C2039: “strpbrk”: 不是“`global namespace'”的成员
c:\program files (x86)\microsoft visual studio\2017\community\vc\tools\msvc\14.10.25017\include\cstring(15): error C2873: “strpbrk”: 符号不能用在 using 声明中
c:\program files (x86)\microsoft visual studio\2017\community\vc\tools\msvc\14.10.25017\include\cstring(16): error C2039: “strrchr”: 不是“`global namespace'”的成员
c:\program files (x86)\microsoft visual studio\2017\community\vc\tools\msvc\14.10.25017\include\cstring(16): error C2873: “strrchr”: 符号不能用在 using 声明中
c:\program files (x86)\microsoft visual studio\2017\community\vc\tools\msvc\14.10.25017\include\cstring(16): error C2039: “strspn”: 不是“`global namespace'”的成员
c:\program files (x86)\microsoft visual studio\2017\community\vc\tools\msvc\14.10.25017\include\cstring(16): error C2873: “strspn”: 符号不能用在 using 声明中
c:\program files (x86)\microsoft visual studio\2017\community\vc\tools\msvc\14.10.25017\include\cstring(16): error C2039: “strstr”: 不是“`global namespace'”的成员
c:\program files (x86)\microsoft visual studio\2017\community\vc\tools\msvc\14.10.25017\include\cstring(16): error C2873: “strstr”: 符号不能用在 using 声明中
c:\program files (x86)\microsoft visual studio\2017\community\vc\tools\msvc\14.10.25017\include\cstring(17): error C2039: “strtok”: 不是“`global namespace'”的成员
c:\program files (x86)\microsoft visual studio\2017\community\vc\tools\msvc\14.10.25017\include\cstring(17): error C2873: “strtok”: 符号不能用在 using 声明中
c:\program files (x86)\microsoft visual studio\2017\community\vc\tools\msvc\14.10.25017\include\cstring(17): error C2039: “strxfrm”: 不是“`global namespace'”的成员
c:\program files (x86)\microsoft visual studio\2017\community\vc\tools\msvc\14.10.25017\include\cstring(17): error C2873: “strxfrm”: 符号不能用在 using 声明中
c:\program files (x86)\microsoft visual studio\2017\community\vc\tools\msvc\14.10.25017\include\iosfwd(480): error C2039: “strlen”: 不是“`global namespace'”的成员
c:\program files (x86)\microsoft visual studio\2017\community\vc\tools\msvc\14.10.25017\include\iosfwd(480): error C3861: “strlen”: 找不到标识符
c:\program files (x86)\microsoft visual studio\2017\community\vc\tools\msvc\14.10.25017\include\xlocale(480): error C2039: “strcmp”: 不是“`global namespace'”的成员
c:\program files (x86)\microsoft visual studio\2017\community\vc\tools\msvc\14.10.25017\include\xlocale(480): error C3861: “strcmp”: 找不到标识符
c:\program files (x86)\microsoft visual studio\2017\community\vc\tools\msvc\14.10.25017\include\xlocale(691): error C2039: “strlen”: 不是“`global namespace'”的成员
c:\program files (x86)\microsoft visual studio\2017\community\vc\tools\msvc\14.10.25017\include\xlocale(691): error C3861: “strlen”: 找不到标识符
c:\program files (x86)\microsoft visual studio\2017\community\vc\tools\msvc\14.10.25017\include\xlocale(727): error C2039: “strlen”: 不是“`global namespace'”的成员
c:\program files (x86)\microsoft visual studio\2017\community\vc\tools\msvc\14.10.25017\include\xlocale(727): error C3861: “strlen”: 找不到标识符
c:\program files (x86)\microsoft visual studio\2017\community\vc\tools\msvc\14.10.25017\include\xlocale(1631): error C2039: “strlen”: 不是“`global namespace'”的成员
c:\program files (x86)\microsoft visual studio\2017\community\vc\tools\msvc\14.10.25017\include\xlocale(1631): error C3861: “strlen”: 找不到标识符
c:\program files (x86)\microsoft visual studio\2017\community\vc\tools\msvc\14.10.25017\include\xlocale(1746): error C2039: “strlen”: 不是“`global namespace'”的成员
c:\program files (x86)\microsoft visual studio\2017\community\vc\tools\msvc\14.10.25017\include\xlocale(1746): error C3861: “strlen”: 找不到标识符
c:\program files (x86)\microsoft visual studio\2017\community\vc\tools\msvc\14.10.25017\include\xlocale(1880): error C2039: “strlen”: 不是“`global namespace'”的成员
c:\program files (x86)\microsoft visual studio\2017\community\vc\tools\msvc\14.10.25017\include\xlocale(1880): error C3861: “strlen”: 找不到标识符
c:\program files (x86)\microsoft visual studio\2017\community\vc\tools\msvc\14.10.25017\include\xlocale(1995): error C2039: “strlen”: 不是“`global namespace'”的成员
c:\program files (x86)\microsoft visual studio\2017\community\vc\tools\msvc\14.10.25017\include\xlocale(1995): error C3861: “strlen”: 找不到标识符
z:\zylib\test\boost\log\logger.h(5): fatal error C1083: 无法打开包括文件: “boost/log/trivial.hpp”: No such file or directory
  format.cpp
c:\program files (x86)\microsoft visual studio\2017\community\vc\tools\msvc\14.10.25017\include\cstring(10): error C2039: “memchr”: 不是“`global namespace'”的成员
c:\program files (x86)\microsoft visual studio\2017\community\vc\tools\msvc\14.10.25017\include\cstring(10): error C2873: “memchr”: 符号不能用在 using 声明中
c:\program files (x86)\microsoft visual studio\2017\community\vc\tools\msvc\14.10.25017\include\cstring(10): error C2039: “memcmp”: 不是“`global namespace'”的成员
c:\program files (x86)\microsoft visual studio\2017\community\vc\tools\msvc\14.10.25017\include\cstring(10): error C2873: “memcmp”: 符号不能用在 using 声明中
c:\program files (x86)\microsoft visual studio\2017\community\vc\tools\msvc\14.10.25017\include\cstring(11): error C2039: “memcpy”: 不是“`global namespace'”的成员
c:\program files (x86)\microsoft visual studio\2017\community\vc\tools\msvc\14.10.25017\include\cstring(11): error C2873: “memcpy”: 符号不能用在 using 声明中
c:\program files (x86)\microsoft visual studio\2017\community\vc\tools\msvc\14.10.25017\include\cstring(11): error C2039: “memmove”: 不是“`global namespace'”的成员
c:\program files (x86)\microsoft visual studio\2017\community\vc\tools\msvc\14.10.25017\include\cstring(11): error C2873: “memmove”: 符号不能用在 using 声明中
c:\program files (x86)\microsoft visual studio\2017\community\vc\tools\msvc\14.10.25017\include\cstring(11): error C2039: “memset”: 不是“`global namespace'”的成员
c:\program files (x86)\microsoft visual studio\2017\community\vc\tools\msvc\14.10.25017\include\cstring(11): error C2873: “memset”: 符号不能用在 using 声明中
c:\program files (x86)\microsoft visual studio\2017\community\vc\tools\msvc\14.10.25017\include\cstring(12): error C2039: “strcat”: 不是“`global namespace'”的成员
c:\program files (x86)\microsoft visual studio\2017\community\vc\tools\msvc\14.10.25017\include\cstring(12): error C2873: “strcat”: 符号不能用在 using 声明中
c:\program files (x86)\microsoft visual studio\2017\community\vc\tools\msvc\14.10.25017\include\cstring(12): error C2039: “strchr”: 不是“`global namespace'”的成员
c:\program files (x86)\microsoft visual studio\2017\community\vc\tools\msvc\14.10.25017\include\cstring(12): error C2873: “strchr”: 符号不能用在 using 声明中
c:\program files (x86)\microsoft visual studio\2017\community\vc\tools\msvc\14.10.25017\include\cstring(12): error C2039: “strcmp”: 不是“`global namespace'”的成员
c:\program files (x86)\microsoft visual studio\2017\community\vc\tools\msvc\14.10.25017\include\cstring(12): error C2873: “strcmp”: 符号不能用在 using 声明中
c:\program files (x86)\microsoft visual studio\2017\community\vc\tools\msvc\14.10.25017\include\cstring(13): error C2039: “strcoll”: 不是“`global namespace'”的成员
c:\program files (x86)\microsoft visual studio\2017\community\vc\tools\msvc\14.10.25017\include\cstring(13): error C2873: “strcoll”: 符号不能用在 using 声明中
c:\program files (x86)\microsoft visual studio\2017\community\vc\tools\msvc\14.10.25017\include\cstring(13): error C2039: “strcpy”: 不是“`global namespace'”的成员
c:\program files (x86)\microsoft visual studio\2017\community\vc\tools\msvc\14.10.25017\include\cstring(13): error C2873: “strcpy”: 符号不能用在 using 声明中
c:\program files (x86)\microsoft visual studio\2017\community\vc\tools\msvc\14.10.25017\include\cstring(13): error C2039: “strcspn”: 不是“`global namespace'”的成员
c:\program files (x86)\microsoft visual studio\2017\community\vc\tools\msvc\14.10.25017\include\cstring(13): error C2873: “strcspn”: 符号不能用在 using 声明中
c:\program files (x86)\microsoft visual studio\2017\community\vc\tools\msvc\14.10.25017\include\cstring(14): error C2039: “strerror”: 不是“`global namespace'”的成员
c:\program files (x86)\microsoft visual studio\2017\community\vc\tools\msvc\14.10.25017\include\cstring(14): error C2873: “strerror”: 符号不能用在 using 声明中
c:\program files (x86)\microsoft visual studio\2017\community\vc\tools\msvc\14.10.25017\include\cstring(14): error C2039: “strlen”: 不是“`global namespace'”的成员
c:\program files (x86)\microsoft visual studio\2017\community\vc\tools\msvc\14.10.25017\include\cstring(14): error C2873: “strlen”: 符号不能用在 using 声明中
c:\program files (x86)\microsoft visual studio\2017\community\vc\tools\msvc\14.10.25017\include\cstring(14): error C2039: “strncat”: 不是“`global namespace'”的成员
c:\program files (x86)\microsoft visual studio\2017\community\vc\tools\msvc\14.10.25017\include\cstring(14): error C2873: “strncat”: 符号不能用在 using 声明中
c:\program files (x86)\microsoft visual studio\2017\community\vc\tools\msvc\14.10.25017\include\cstring(15): error C2039: “strncmp”: 不是“`global namespace'”的成员
c:\program files (x86)\microsoft visual studio\2017\community\vc\tools\msvc\14.10.25017\include\cstring(15): error C2873: “strncmp”: 符号不能用在 using 声明中
c:\program files (x86)\microsoft visual studio\2017\community\vc\tools\msvc\14.10.25017\include\cstring(15): error C2039: “strncpy”: 不是“`global namespace'”的成员
c:\program files (x86)\microsoft visual studio\2017\community\vc\tools\msvc\14.10.25017\include\cstring(15): error C2873: “strncpy”: 符号不能用在 using 声明中
c:\program files (x86)\microsoft visual studio\2017\community\vc\tools\msvc\14.10.25017\include\cstring(15): error C2039: “strpbrk”: 不是“`global namespace'”的成员
c:\program files (x86)\microsoft visual studio\2017\community\vc\tools\msvc\14.10.25017\include\cstring(15): error C2873: “strpbrk”: 符号不能用在 using 声明中
c:\program files (x86)\microsoft visual studio\2017\community\vc\tools\msvc\14.10.25017\include\cstring(16): error C2039: “strrchr”: 不是“`global namespace'”的成员
c:\program files (x86)\microsoft visual studio\2017\community\vc\tools\msvc\14.10.25017\include\cstring(16): error C2873: “strrchr”: 符号不能用在 using 声明中
c:\program files (x86)\microsoft visual studio\2017\community\vc\tools\msvc\14.10.25017\include\cstring(16): error C2039: “strspn”: 不是“`global namespace'”的成员
c:\program files (x86)\microsoft visual studio\2017\community\vc\tools\msvc\14.10.25017\include\cstring(16): error C2873: “strspn”: 符号不能用在 using 声明中
c:\program files (x86)\microsoft visual studio\2017\community\vc\tools\msvc\14.10.25017\include\cstring(16): error C2039: “strstr”: 不是“`global namespace'”的成员
c:\program files (x86)\microsoft visual studio\2017\community\vc\tools\msvc\14.10.25017\include\cstring(16): error C2873: “strstr”: 符号不能用在 using 声明中
c:\program files (x86)\microsoft visual studio\2017\community\vc\tools\msvc\14.10.25017\include\cstring(17): error C2039: “strtok”: 不是“`global namespace'”的成员
c:\program files (x86)\microsoft visual studio\2017\community\vc\tools\msvc\14.10.25017\include\cstring(17): error C2873: “strtok”: 符号不能用在 using 声明中
c:\program files (x86)\microsoft visual studio\2017\community\vc\tools\msvc\14.10.25017\include\cstring(17): error C2039: “strxfrm”: 不是“`global namespace'”的成员
c:\program files (x86)\microsoft visual studio\2017\community\vc\tools\msvc\14.10.25017\include\cstring(17): error C2873: “strxfrm”: 符号不能用在 using 声明中
c:\program files (x86)\microsoft visual studio\2017\community\vc\tools\msvc\14.10.25017\include\iosfwd(480): error C2039: “strlen”: 不是“`global namespace'”的成员
c:\program files (x86)\microsoft visual studio\2017\community\vc\tools\msvc\14.10.25017\include\iosfwd(480): error C3861: “strlen”: 找不到标识符
c:\program files (x86)\microsoft visual studio\2017\community\vc\tools\msvc\14.10.25017\include\xlocale(480): error C2039: “strcmp”: 不是“`global namespace'”的成员
c:\program files (x86)\microsoft visual studio\2017\community\vc\tools\msvc\14.10.25017\include\xlocale(480): error C3861: “strcmp”: 找不到标识符
c:\program files (x86)\microsoft visual studio\2017\community\vc\tools\msvc\14.10.25017\include\xlocale(691): error C2039: “strlen”: 不是“`global namespace'”的成员
c:\program files (x86)\microsoft visual studio\2017\community\vc\tools\msvc\14.10.25017\include\xlocale(691): error C3861: “strlen”: 找不到标识符
c:\program files (x86)\microsoft visual studio\2017\community\vc\tools\msvc\14.10.25017\include\xlocale(727): error C2039: “strlen”: 不是“`global namespace'”的成员
c:\program files (x86)\microsoft visual studio\2017\community\vc\tools\msvc\14.10.25017\include\xlocale(727): error C3861: “strlen”: 找不到标识符
c:\program files (x86)\microsoft visual studio\2017\community\vc\tools\msvc\14.10.25017\include\xlocale(1631): error C2039: “strlen”: 不是“`global namespace'”的成员
c:\program files (x86)\microsoft visual studio\2017\community\vc\tools\msvc\14.10.25017\include\xlocale(1631): error C3861: “strlen”: 找不到标识符
c:\program files (x86)\microsoft visual studio\2017\community\vc\tools\msvc\14.10.25017\include\xlocale(1746): error C2039: “strlen”: 不是“`global namespace'”的成员
c:\program files (x86)\microsoft visual studio\2017\community\vc\tools\msvc\14.10.25017\include\xlocale(1746): error C3861: “strlen”: 找不到标识符
c:\program files (x86)\microsoft visual studio\2017\community\vc\tools\msvc\14.10.25017\include\xlocale(1880): error C2039: “strlen”: 不是“`global namespace'”的成员
c:\program files (x86)\microsoft visual studio\2017\community\vc\tools\msvc\14.10.25017\include\xlocale(1880): error C3861: “strlen”: 找不到标识符
c:\program files (x86)\microsoft visual studio\2017\community\vc\tools\msvc\14.10.25017\include\xlocale(1995): error C2039: “strlen”: 不是“`global namespace'”的成员
c:\program files (x86)\microsoft visual studio\2017\community\vc\tools\msvc\14.10.25017\include\xlocale(1995): error C3861: “strlen”: 找不到标识符
z:\zylib\test\boost\format.cpp(4): fatal error C1083: 无法打开包括文件: “boost/format.hpp”: No such file or directory
  convert.cpp
c:\program files (x86)\microsoft visual studio\2017\community\vc\tools\msvc\14.10.25017\include\cstring(10): error C2039: “memchr”: 不是“`global namespace'”的成员
c:\program files (x86)\microsoft visual studio\2017\community\vc\tools\msvc\14.10.25017\include\cstring(10): error C2873: “memchr”: 符号不能用在 using 声明中
c:\program files (x86)\microsoft visual studio\2017\community\vc\tools\msvc\14.10.25017\include\cstring(10): error C2039: “memcmp”: 不是“`global namespace'”的成员
c:\program files (x86)\microsoft visual studio\2017\community\vc\tools\msvc\14.10.25017\include\cstring(10): error C2873: “memcmp”: 符号不能用在 using 声明中
c:\program files (x86)\microsoft visual studio\2017\community\vc\tools\msvc\14.10.25017\include\cstring(11): error C2039: “memcpy”: 不是“`global namespace'”的成员
c:\program files (x86)\microsoft visual studio\2017\community\vc\tools\msvc\14.10.25017\include\cstring(11): error C2873: “memcpy”: 符号不能用在 using 声明中
c:\program files (x86)\microsoft visual studio\2017\community\vc\tools\msvc\14.10.25017\include\cstring(11): error C2039: “memmove”: 不是“`global namespace'”的成员
c:\program files (x86)\microsoft visual studio\2017\community\vc\tools\msvc\14.10.25017\include\cstring(11): error C2873: “memmove”: 符号不能用在 using 声明中
c:\program files (x86)\microsoft visual studio\2017\community\vc\tools\msvc\14.10.25017\include\cstring(11): error C2039: “memset”: 不是“`global namespace'”的成员
c:\program files (x86)\microsoft visual studio\2017\community\vc\tools\msvc\14.10.25017\include\cstring(11): error C2873: “memset”: 符号不能用在 using 声明中
c:\program files (x86)\microsoft visual studio\2017\community\vc\tools\msvc\14.10.25017\include\cstring(12): error C2039: “strcat”: 不是“`global namespace'”的成员
c:\program files (x86)\microsoft visual studio\2017\community\vc\tools\msvc\14.10.25017\include\cstring(12): error C2873: “strcat”: 符号不能用在 using 声明中
c:\program files (x86)\microsoft visual studio\2017\community\vc\tools\msvc\14.10.25017\include\cstring(12): error C2039: “strchr”: 不是“`global namespace'”的成员
c:\program files (x86)\microsoft visual studio\2017\community\vc\tools\msvc\14.10.25017\include\cstring(12): error C2873: “strchr”: 符号不能用在 using 声明中
c:\program files (x86)\microsoft visual studio\2017\community\vc\tools\msvc\14.10.25017\include\cstring(12): error C2039: “strcmp”: 不是“`global namespace'”的成员
c:\program files (x86)\microsoft visual studio\2017\community\vc\tools\msvc\14.10.25017\include\cstring(12): error C2873: “strcmp”: 符号不能用在 using 声明中
c:\program files (x86)\microsoft visual studio\2017\community\vc\tools\msvc\14.10.25017\include\cstring(13): error C2039: “strcoll”: 不是“`global namespace'”的成员
c:\program files (x86)\microsoft visual studio\2017\community\vc\tools\msvc\14.10.25017\include\cstring(13): error C2873: “strcoll”: 符号不能用在 using 声明中
c:\program files (x86)\microsoft visual studio\2017\community\vc\tools\msvc\14.10.25017\include\cstring(13): error C2039: “strcpy”: 不是“`global namespace'”的成员
c:\program files (x86)\microsoft visual studio\2017\community\vc\tools\msvc\14.10.25017\include\cstring(13): error C2873: “strcpy”: 符号不能用在 using 声明中
c:\program files (x86)\microsoft visual studio\2017\community\vc\tools\msvc\14.10.25017\include\cstring(13): error C2039: “strcspn”: 不是“`global namespace'”的成员
c:\program files (x86)\microsoft visual studio\2017\community\vc\tools\msvc\14.10.25017\include\cstring(13): error C2873: “strcspn”: 符号不能用在 using 声明中
c:\program files (x86)\microsoft visual studio\2017\community\vc\tools\msvc\14.10.25017\include\cstring(14): error C2039: “strerror”: 不是“`global namespace'”的成员
c:\program files (x86)\microsoft visual studio\2017\community\vc\tools\msvc\14.10.25017\include\cstring(14): error C2873: “strerror”: 符号不能用在 using 声明中
c:\program files (x86)\microsoft visual studio\2017\community\vc\tools\msvc\14.10.25017\include\cstring(14): error C2039: “strlen”: 不是“`global namespace'”的成员
c:\program files (x86)\microsoft visual studio\2017\community\vc\tools\msvc\14.10.25017\include\cstring(14): error C2873: “strlen”: 符号不能用在 using 声明中
c:\program files (x86)\microsoft visual studio\2017\community\vc\tools\msvc\14.10.25017\include\cstring(14): error C2039: “strncat”: 不是“`global namespace'”的成员
c:\program files (x86)\microsoft visual studio\2017\community\vc\tools\msvc\14.10.25017\include\cstring(14): error C2873: “strncat”: 符号不能用在 using 声明中
c:\program files (x86)\microsoft visual studio\2017\community\vc\tools\msvc\14.10.25017\include\cstring(15): error C2039: “strncmp”: 不是“`global namespace'”的成员
c:\program files (x86)\microsoft visual studio\2017\community\vc\tools\msvc\14.10.25017\include\cstring(15): error C2873: “strncmp”: 符号不能用在 using 声明中
c:\program files (x86)\microsoft visual studio\2017\community\vc\tools\msvc\14.10.25017\include\cstring(15): error C2039: “strncpy”: 不是“`global namespace'”的成员
c:\program files (x86)\microsoft visual studio\2017\community\vc\tools\msvc\14.10.25017\include\cstring(15): error C2873: “strncpy”: 符号不能用在 using 声明中
c:\program files (x86)\microsoft visual studio\2017\community\vc\tools\msvc\14.10.25017\include\cstring(15): error C2039: “strpbrk”: 不是“`global namespace'”的成员
c:\program files (x86)\microsoft visual studio\2017\community\vc\tools\msvc\14.10.25017\include\cstring(15): error C2873: “strpbrk”: 符号不能用在 using 声明中
c:\program files (x86)\microsoft visual studio\2017\community\vc\tools\msvc\14.10.25017\include\cstring(16): error C2039: “strrchr”: 不是“`global namespace'”的成员
c:\program files (x86)\microsoft visual studio\2017\community\vc\tools\msvc\14.10.25017\include\cstring(16): error C2873: “strrchr”: 符号不能用在 using 声明中
c:\program files (x86)\microsoft visual studio\2017\community\vc\tools\msvc\14.10.25017\include\cstring(16): error C2039: “strspn”: 不是“`global namespace'”的成员
c:\program files (x86)\microsoft visual studio\2017\community\vc\tools\msvc\14.10.25017\include\cstring(16): error C2873: “strspn”: 符号不能用在 using 声明中
c:\program files (x86)\microsoft visual studio\2017\community\vc\tools\msvc\14.10.25017\include\cstring(16): error C2039: “strstr”: 不是“`global namespace'”的成员
c:\program files (x86)\microsoft visual studio\2017\community\vc\tools\msvc\14.10.25017\include\cstring(16): error C2873: “strstr”: 符号不能用在 using 声明中
c:\program files (x86)\microsoft visual studio\2017\community\vc\tools\msvc\14.10.25017\include\cstring(17): error C2039: “strtok”: 不是“`global namespace'”的成员
c:\program files (x86)\microsoft visual studio\2017\community\vc\tools\msvc\14.10.25017\include\cstring(17): error C2873: “strtok”: 符号不能用在 using 声明中
c:\program files (x86)\microsoft visual studio\2017\community\vc\tools\msvc\14.10.25017\include\cstring(17): error C2039: “strxfrm”: 不是“`global namespace'”的成员
c:\program files (x86)\microsoft visual studio\2017\community\vc\tools\msvc\14.10.25017\include\cstring(17): error C2873: “strxfrm”: 符号不能用在 using 声明中
c:\program files (x86)\microsoft visual studio\2017\community\vc\tools\msvc\14.10.25017\include\iosfwd(480): error C2039: “strlen”: 不是“`global namespace'”的成员
c:\program files (x86)\microsoft visual studio\2017\community\vc\tools\msvc\14.10.25017\include\iosfwd(480): error C3861: “strlen”: 找不到标识符
c:\program files (x86)\microsoft visual studio\2017\community\vc\tools\msvc\14.10.25017\include\xlocale(480): error C2039: “strcmp”: 不是“`global namespace'”的成员
c:\program files (x86)\microsoft visual studio\2017\community\vc\tools\msvc\14.10.25017\include\xlocale(480): error C3861: “strcmp”: 找不到标识符
c:\program files (x86)\microsoft visual studio\2017\community\vc\tools\msvc\14.10.25017\include\xlocale(691): error C2039: “strlen”: 不是“`global namespace'”的成员
c:\program files (x86)\microsoft visual studio\2017\community\vc\tools\msvc\14.10.25017\include\xlocale(691): error C3861: “strlen”: 找不到标识符
c:\program files (x86)\microsoft visual studio\2017\community\vc\tools\msvc\14.10.25017\include\xlocale(727): error C2039: “strlen”: 不是“`global namespace'”的成员
c:\program files (x86)\microsoft visual studio\2017\community\vc\tools\msvc\14.10.25017\include\xlocale(727): error C3861: “strlen”: 找不到标识符
c:\program files (x86)\microsoft visual studio\2017\community\vc\tools\msvc\14.10.25017\include\xlocale(1631): error C2039: “strlen”: 不是“`global namespace'”的成员
c:\program files (x86)\microsoft visual studio\2017\community\vc\tools\msvc\14.10.25017\include\xlocale(1631): error C3861: “strlen”: 找不到标识符
c:\program files (x86)\microsoft visual studio\2017\community\vc\tools\msvc\14.10.25017\include\xlocale(1746): error C2039: “strlen”: 不是“`global namespace'”的成员
c:\program files (x86)\microsoft visual studio\2017\community\vc\tools\msvc\14.10.25017\include\xlocale(1746): error C3861: “strlen”: 找不到标识符
c:\program files (x86)\microsoft visual studio\2017\community\vc\tools\msvc\14.10.25017\include\xlocale(1880): error C2039: “strlen”: 不是“`global namespace'”的成员
c:\program files (x86)\microsoft visual studio\2017\community\vc\tools\msvc\14.10.25017\include\xlocale(1880): error C3861: “strlen”: 找不到标识符
c:\program files (x86)\microsoft visual studio\2017\community\vc\tools\msvc\14.10.25017\include\xlocale(1995): error C2039: “strlen”: 不是“`global namespace'”的成员
c:\program files (x86)\microsoft visual studio\2017\community\vc\tools\msvc\14.10.25017\include\xlocale(1995): error C3861: “strlen”: 找不到标识符
z:\zylib\test\boost\convert.cpp(6): fatal error C1083: 无法打开包括文件: “boost/convert.hpp”: No such file or directory
  blocking_tcp_echo_client.cpp
c:\program files (x86)\microsoft visual studio\2017\community\vc\tools\msvc\14.10.25017\include\cstring(10): error C2039: “memchr”: 不是“`global namespace'”的成员
c:\program files (x86)\microsoft visual studio\2017\community\vc\tools\msvc\14.10.25017\include\cstring(10): error C2873: “memchr”: 符号不能用在 using 声明中
c:\program files (x86)\microsoft visual studio\2017\community\vc\tools\msvc\14.10.25017\include\cstring(10): error C2039: “memcmp”: 不是“`global namespace'”的成员
c:\program files (x86)\microsoft visual studio\2017\community\vc\tools\msvc\14.10.25017\include\cstring(10): error C2873: “memcmp”: 符号不能用在 using 声明中
c:\program files (x86)\microsoft visual studio\2017\community\vc\tools\msvc\14.10.25017\include\cstring(11): error C2039: “memcpy”: 不是“`global namespace'”的成员
c:\program files (x86)\microsoft visual studio\2017\community\vc\tools\msvc\14.10.25017\include\cstring(11): error C2873: “memcpy”: 符号不能用在 using 声明中
c:\program files (x86)\microsoft visual studio\2017\community\vc\tools\msvc\14.10.25017\include\cstring(11): error C2039: “memmove”: 不是“`global namespace'”的成员
c:\program files (x86)\microsoft visual studio\2017\community\vc\tools\msvc\14.10.25017\include\cstring(11): error C2873: “memmove”: 符号不能用在 using 声明中
c:\program files (x86)\microsoft visual studio\2017\community\vc\tools\msvc\14.10.25017\include\cstring(11): error C2039: “memset”: 不是“`global namespace'”的成员
c:\program files (x86)\microsoft visual studio\2017\community\vc\tools\msvc\14.10.25017\include\cstring(11): error C2873: “memset”: 符号不能用在 using 声明中
c:\program files (x86)\microsoft visual studio\2017\community\vc\tools\msvc\14.10.25017\include\cstring(12): error C2039: “strcat”: 不是“`global namespace'”的成员
c:\program files (x86)\microsoft visual studio\2017\community\vc\tools\msvc\14.10.25017\include\cstring(12): error C2873: “strcat”: 符号不能用在 using 声明中
c:\program files (x86)\microsoft visual studio\2017\community\vc\tools\msvc\14.10.25017\include\cstring(12): error C2039: “strchr”: 不是“`global namespace'”的成员
c:\program files (x86)\microsoft visual studio\2017\community\vc\tools\msvc\14.10.25017\include\cstring(12): error C2873: “strchr”: 符号不能用在 using 声明中
c:\program files (x86)\microsoft visual studio\2017\community\vc\tools\msvc\14.10.25017\include\cstring(12): error C2039: “strcmp”: 不是“`global namespace'”的成员
c:\program files (x86)\microsoft visual studio\2017\community\vc\tools\msvc\14.10.25017\include\cstring(12): error C2873: “strcmp”: 符号不能用在 using 声明中
c:\program files (x86)\microsoft visual studio\2017\community\vc\tools\msvc\14.10.25017\include\cstring(13): error C2039: “strcoll”: 不是“`global namespace'”的成员
c:\program files (x86)\microsoft visual studio\2017\community\vc\tools\msvc\14.10.25017\include\cstring(13): error C2873: “strcoll”: 符号不能用在 using 声明中
c:\program files (x86)\microsoft visual studio\2017\community\vc\tools\msvc\14.10.25017\include\cstring(13): error C2039: “strcpy”: 不是“`global namespace'”的成员
c:\program files (x86)\microsoft visual studio\2017\community\vc\tools\msvc\14.10.25017\include\cstring(13): error C2873: “strcpy”: 符号不能用在 using 声明中
c:\program files (x86)\microsoft visual studio\2017\community\vc\tools\msvc\14.10.25017\include\cstring(13): error C2039: “strcspn”: 不是“`global namespace'”的成员
c:\program files (x86)\microsoft visual studio\2017\community\vc\tools\msvc\14.10.25017\include\cstring(13): error C2873: “strcspn”: 符号不能用在 using 声明中
c:\program files (x86)\microsoft visual studio\2017\community\vc\tools\msvc\14.10.25017\include\cstring(14): error C2039: “strerror”: 不是“`global namespace'”的成员
c:\program files (x86)\microsoft visual studio\2017\community\vc\tools\msvc\14.10.25017\include\cstring(14): error C2873: “strerror”: 符号不能用在 using 声明中
c:\program files (x86)\microsoft visual studio\2017\community\vc\tools\msvc\14.10.25017\include\cstring(14): error C2039: “strlen”: 不是“`global namespace'”的成员
c:\program files (x86)\microsoft visual studio\2017\community\vc\tools\msvc\14.10.25017\include\cstring(14): error C2873: “strlen”: 符号不能用在 using 声明中
c:\program files (x86)\microsoft visual studio\2017\community\vc\tools\msvc\14.10.25017\include\cstring(14): error C2039: “strncat”: 不是“`global namespace'”的成员
c:\program files (x86)\microsoft visual studio\2017\community\vc\tools\msvc\14.10.25017\include\cstring(14): error C2873: “strncat”: 符号不能用在 using 声明中
c:\program files (x86)\microsoft visual studio\2017\community\vc\tools\msvc\14.10.25017\include\cstring(15): error C2039: “strncmp”: 不是“`global namespace'”的成员
c:\program files (x86)\microsoft visual studio\2017\community\vc\tools\msvc\14.10.25017\include\cstring(15): error C2873: “strncmp”: 符号不能用在 using 声明中
c:\program files (x86)\microsoft visual studio\2017\community\vc\tools\msvc\14.10.25017\include\cstring(15): error C2039: “strncpy”: 不是“`global namespace'”的成员
c:\program files (x86)\microsoft visual studio\2017\community\vc\tools\msvc\14.10.25017\include\cstring(15): error C2873: “strncpy”: 符号不能用在 using 声明中
c:\program files (x86)\microsoft visual studio\2017\community\vc\tools\msvc\14.10.25017\include\cstring(15): error C2039: “strpbrk”: 不是“`global namespace'”的成员
c:\program files (x86)\microsoft visual studio\2017\community\vc\tools\msvc\14.10.25017\include\cstring(15): error C2873: “strpbrk”: 符号不能用在 using 声明中
c:\program files (x86)\microsoft visual studio\2017\community\vc\tools\msvc\14.10.25017\include\cstring(16): error C2039: “strrchr”: 不是“`global namespace'”的成员
c:\program files (x86)\microsoft visual studio\2017\community\vc\tools\msvc\14.10.25017\include\cstring(16): error C2873: “strrchr”: 符号不能用在 using 声明中
c:\program files (x86)\microsoft visual studio\2017\community\vc\tools\msvc\14.10.25017\include\cstring(16): error C2039: “strspn”: 不是“`global namespace'”的成员
c:\program files (x86)\microsoft visual studio\2017\community\vc\tools\msvc\14.10.25017\include\cstring(16): error C2873: “strspn”: 符号不能用在 using 声明中
c:\program files (x86)\microsoft visual studio\2017\community\vc\tools\msvc\14.10.25017\include\cstring(16): error C2039: “strstr”: 不是“`global namespace'”的成员
c:\program files (x86)\microsoft visual studio\2017\community\vc\tools\msvc\14.10.25017\include\cstring(16): error C2873: “strstr”: 符号不能用在 using 声明中
c:\program files (x86)\microsoft visual studio\2017\community\vc\tools\msvc\14.10.25017\include\cstring(17): error C2039: “strtok”: 不是“`global namespace'”的成员
c:\program files (x86)\microsoft visual studio\2017\community\vc\tools\msvc\14.10.25017\include\cstring(17): error C2873: “strtok”: 符号不能用在 using 声明中
c:\program files (x86)\microsoft visual studio\2017\community\vc\tools\msvc\14.10.25017\include\cstring(17): error C2039: “strxfrm”: 不是“`global namespace'”的成员
c:\program files (x86)\microsoft visual studio\2017\community\vc\tools\msvc\14.10.25017\include\cstring(17): error C2873: “strxfrm”: 符号不能用在 using 声明中
c:\program files (x86)\microsoft visual studio\2017\community\vc\tools\msvc\14.10.25017\include\iosfwd(480): error C2039: “strlen”: 不是“`global namespace'”的成员
c:\program files (x86)\microsoft visual studio\2017\community\vc\tools\msvc\14.10.25017\include\iosfwd(480): error C3861: “strlen”: 找不到标识符
c:\program files (x86)\microsoft visual studio\2017\community\vc\tools\msvc\14.10.25017\include\xlocale(480): error C2039: “strcmp”: 不是“`global namespace'”的成员
c:\program files (x86)\microsoft visual studio\2017\community\vc\tools\msvc\14.10.25017\include\xlocale(480): error C3861: “strcmp”: 找不到标识符
c:\program files (x86)\microsoft visual studio\2017\community\vc\tools\msvc\14.10.25017\include\xlocale(691): error C2039: “strlen”: 不是“`global namespace'”的成员
c:\program files (x86)\microsoft visual studio\2017\community\vc\tools\msvc\14.10.25017\include\xlocale(691): error C3861: “strlen”: 找不到标识符
c:\program files (x86)\microsoft visual studio\2017\community\vc\tools\msvc\14.10.25017\include\xlocale(727): error C2039: “strlen”: 不是“`global namespace'”的成员
c:\program files (x86)\microsoft visual studio\2017\community\vc\tools\msvc\14.10.25017\include\xlocale(727): error C3861: “strlen”: 找不到标识符
c:\program files (x86)\microsoft visual studio\2017\community\vc\tools\msvc\14.10.25017\include\xlocale(1631): error C2039: “strlen”: 不是“`global namespace'”的成员
c:\program files (x86)\microsoft visual studio\2017\community\vc\tools\msvc\14.10.25017\include\xlocale(1631): error C3861: “strlen”: 找不到标识符
c:\program files (x86)\microsoft visual studio\2017\community\vc\tools\msvc\14.10.25017\include\xlocale(1746): error C2039: “strlen”: 不是“`global namespace'”的成员
c:\program files (x86)\microsoft visual studio\2017\community\vc\tools\msvc\14.10.25017\include\xlocale(1746): error C3861: “strlen”: 找不到标识符
c:\program files (x86)\microsoft visual studio\2017\community\vc\tools\msvc\14.10.25017\include\xlocale(1880): error C2039: “strlen”: 不是“`global namespace'”的成员
c:\program files (x86)\microsoft visual studio\2017\community\vc\tools\msvc\14.10.25017\include\xlocale(1880): error C3861: “strlen”: 找不到标识符
c:\program files (x86)\microsoft visual studio\2017\community\vc\tools\msvc\14.10.25017\include\xlocale(1995): error C2039: “strlen”: 不是“`global namespace'”的成员
c:\program files (x86)\microsoft visual studio\2017\community\vc\tools\msvc\14.10.25017\include\xlocale(1995): error C3861: “strlen”: 找不到标识符
z:\zylib\test\boost\asio\blocking_tcp_echo_client.cpp(15): fatal error C1083: 无法打开包括文件: “boost/asio.hpp”: No such file or directory
